#
# There is insufficient memory for the Java Runtime Environment to continue.
# Native memory allocation (mmap) failed to map 264241152 bytes for G1 virtual space
# Possible reasons:
#   The system is out of physical RAM or swap space
#   The process is running with CompressedOops enabled, and the Java Heap may be blocking the growth of the native heap
# Possible solutions:
#   Reduce memory load on the system
#   Increase physical memory or swap space
#   Check if swap backing store is full
#   Decrease Java heap size (-Xmx/-Xms)
#   Decrease number of Java threads
#   Decrease Java thread stack sizes (-Xss)
#   Set larger code cache with -XX:ReservedCodeCacheSize=
#   JVM is running with Zero Based Compressed Oops mode in which the Java heap is
#     placed in the first 32GB address space. The Java Heap base address is the
#     maximum limit for the native heap growth. Please use -XX:HeapBaseMinAddress
#     to set the Java Heap base and to place the Java Heap above 32GB virtual address.
# This output file may be truncated or incomplete.
#
#  Out of Memory Error (os_windows.cpp:3600), pid=35764, tid=32884
#
# JRE version:  (21.0.1+12) (build )
# Java VM: Java HotSpot(TM) 64-Bit Server VM (21.0.1+12-LTS-29, mixed mode, sharing, tiered, compressed oops, compressed class ptrs, g1 gc, windows-amd64)
# No core dump will be written. Minidumps are not enabled by default on client versions of Windows
#

---------------  S U M M A R Y ------------

Command Line: -Dfile.encoding=UTF-8 -Dstdout.encoding=UTF-8 -Dstderr.encoding=UTF-8 -XX:+ShowCodeDetailsInExceptionMessages bank.management.system.Login

Host: 11th Gen Intel(R) Core(TM) i7-1165G7 @ 2.80GHz, 8 cores, 15G,  Windows 11 , 64 bit Build 22621 (10.0.22621.3672)
Time: Fri Jul 19 23:55:06 2024 India Standard Time elapsed time: 0.009521 seconds (0d 0h 0m 0s)

---------------  T H R E A D  ---------------

Current thread (0x000001b7fdafad80):  JavaThread "Unknown thread" [_thread_in_vm, id=32884, stack(0x0000005827300000,0x0000005827400000) (1024K)]

Stack: [0x0000005827300000,0x0000005827400000]
Native frames: (J=compiled Java code, j=interpreted, Vv=VM code, C=native code)
V  [jvm.dll+0x6c9029]
V  [jvm.dll+0x854b81]
V  [jvm.dll+0x856e5e]
V  [jvm.dll+0x857543]
V  [jvm.dll+0x280c06]
V  [jvm.dll+0x6c5715]
V  [jvm.dll+0x6ba10a]
V  [jvm.dll+0x3557ea]
V  [jvm.dll+0x35d436]
V  [jvm.dll+0x3ae1be]
V  [jvm.dll+0x3ae468]
V  [jvm.dll+0x3291fc]
V  [jvm.dll+0x329d8b]
V  [jvm.dll+0x81d179]
V  [jvm.dll+0x3bb4f1]
V  [jvm.dll+0x805ae8]
V  [jvm.dll+0x44effe]
V  [jvm.dll+0x450901]
C  [jli.dll+0x52a3]
C  [ucrtbase.dll+0x29333]
C  [KERNEL32.DLL+0x1257d]
C  [ntdll.dll+0x5af28]


---------------  P R O C E S S  ---------------

Threads class SMR info:
_java_thread_list=0x00007ff8cd8a9b88, length=0, elements={
}

Java Threads: ( => current thread )
Total: 0

Other Threads:
  0x000001b7ffdfd0f0 WorkerThread "GC Thread#0"                     [id=39068, stack(0x0000005827400000,0x0000005827500000) (1024K)]
  0x000001b7ffe0dc10 ConcurrentGCThread "G1 Main Marker"            [id=39092, stack(0x0000005827500000,0x0000005827600000) (1024K)]
  0x000001b7ffe0ef20 WorkerThread "G1 Conc#0"                       [id=38624, stack(0x0000005827600000,0x0000005827700000) (1024K)]

[error occurred during error reporting (printing all threads), id 0xc0000005, EXCEPTION_ACCESS_VIOLATION (0xc0000005) at pc=0x00007ff8cd01c2c7]
VM state: not at safepoint (not fully initialized)

VM Mutex/Monitor currently owned by a thread:  ([mutex/lock_event])
[0x00007ff8cd91a6f8] Heap_lock - owner thread: 0x000001b7fdafad80

Heap address: 0x0000000704c00000, size: 4020 MB, Compressed Oops mode: Zero based, Oop shift amount: 3

CDS archive(s) mapped at: [0x0000000000000000-0x0000000000000000-0x0000000000000000), size 0, SharedBaseAddress: 0x0000000800000000, ArchiveRelocationMode: 1.
Narrow klass base: 0x0000000000000000, Narrow klass shift: 0, Narrow klass range: 0x0

GC Precious Log:
 CardTable entry size: 512
 Card Set container configuration: InlinePtr #cards 4 size 8 Array Of Cards #cards 16 size 48 Howl #buckets 8 coarsen threshold 3686 Howl Bitmap #cards 512 size 80 coarsen threshold 460 Card regions per heap region 1 cards per card region 4096

Heap:
 garbage-first heap   total 0K, used 0K [0x0000000704c00000, 0x0000000800000000)
  region size 2048K, 0 young (0K), 0 survivors (0K)

[error occurred during error reporting (printing heap information), id 0xc0000005, EXCEPTION_ACCESS_VIOLATION (0xc0000005) at pc=0x00007ff8cd401be9]
GC Heap History (0 events):
No events

Dll operation events (1 events):
Event: 0.005 Loaded shared library C:\Program Files\Java\jdk-21\bin\java.dll

Deoptimization events (0 events):
No events

Classes loaded (0 events):
No events

Classes unloaded (0 events):
No events

Classes redefined (0 events):
No events

Internal exceptions (0 events):
No events

ZGC Phase Switch (0 events):
No events

VM Operations (0 events):
No events

Events (0 events):
No events


Dynamic libraries:
0x00007ff749620000 - 0x00007ff749630000 	C:\Program Files\Java\jdk-21\bin\javaw.exe
0x00007ff958ff0000 - 0x00007ff959207000 	C:\WINDOWS\SYSTEM32\ntdll.dll
0x00007ff956f80000 - 0x00007ff957044000 	C:\WINDOWS\System32\KERNEL32.DLL
0x00007ff956350000 - 0x00007ff9566fd000 	C:\WINDOWS\System32\KERNELBASE.dll
0x00007ff956890000 - 0x00007ff9569a1000 	C:\WINDOWS\System32\ucrtbase.dll
0x00007ff94b610000 - 0x00007ff94b62b000 	C:\Program Files\Java\jdk-21\bin\VCRUNTIME140.dll
0x00007ff941560000 - 0x00007ff941579000 	C:\Program Files\Java\jdk-21\bin\jli.dll
0x00007ff9576a0000 - 0x00007ff957752000 	C:\WINDOWS\System32\ADVAPI32.dll
0x00007ff9578a0000 - 0x00007ff957947000 	C:\WINDOWS\System32\msvcrt.dll
0x00007ff957bf0000 - 0x00007ff957c99000 	C:\WINDOWS\System32\sechost.dll
0x00007ff956320000 - 0x00007ff956348000 	C:\WINDOWS\System32\bcrypt.dll
0x00007ff956e60000 - 0x00007ff956f74000 	C:\WINDOWS\System32\RPCRT4.dll
0x00007ff958560000 - 0x00007ff95870e000 	C:\WINDOWS\System32\USER32.dll
0x00007ff956700000 - 0x00007ff956726000 	C:\WINDOWS\System32\win32u.dll
0x00007ff9496e0000 - 0x00007ff949973000 	C:\WINDOWS\WinSxS\amd64_microsoft.windows.common-controls_6595b64144ccf1df_6.0.22621.3672_none_2713b9d173822955\COMCTL32.dll
0x00007ff958f80000 - 0x00007ff958fa9000 	C:\WINDOWS\System32\GDI32.dll
0x00007ff956a20000 - 0x00007ff956b39000 	C:\WINDOWS\System32\gdi32full.dll
0x00007ff956730000 - 0x00007ff9567ca000 	C:\WINDOWS\System32\msvcp_win.dll
0x00007ff9515d0000 - 0x00007ff9515da000 	C:\WINDOWS\SYSTEM32\VERSION.dll
0x00007ff957cc0000 - 0x00007ff957cf1000 	C:\WINDOWS\System32\IMM32.DLL
0x00007ff953030000 - 0x00007ff95303c000 	C:\Program Files\Java\jdk-21\bin\vcruntime140_1.dll
0x00007ff90abd0000 - 0x00007ff90ac5e000 	C:\Program Files\Java\jdk-21\bin\msvcp140.dll
0x00007ff8ccce0000 - 0x00007ff8cd9f5000 	C:\Program Files\Java\jdk-21\bin\server\jvm.dll
0x00007ff957d60000 - 0x00007ff957dd1000 	C:\WINDOWS\System32\WS2_32.dll
0x00007ff955da0000 - 0x00007ff955ded000 	C:\WINDOWS\SYSTEM32\POWRPROF.dll
0x00007ff951380000 - 0x00007ff9513b4000 	C:\WINDOWS\SYSTEM32\WINMM.dll
0x00007ff955c20000 - 0x00007ff955c33000 	C:\WINDOWS\SYSTEM32\UMPDC.dll
0x00007ff955350000 - 0x00007ff955368000 	C:\WINDOWS\SYSTEM32\kernel.appcore.dll
0x00007ff951f00000 - 0x00007ff951f0a000 	C:\Program Files\Java\jdk-21\bin\jimage.dll
0x00007ff953cb0000 - 0x00007ff953ee2000 	C:\WINDOWS\SYSTEM32\DBGHELP.DLL
0x00007ff957e60000 - 0x00007ff9581e8000 	C:\WINDOWS\System32\combase.dll
0x00007ff957760000 - 0x00007ff957837000 	C:\WINDOWS\System32\OLEAUT32.dll
0x00007ff94c770000 - 0x00007ff94c7a2000 	C:\WINDOWS\SYSTEM32\dbgcore.DLL
0x00007ff956cb0000 - 0x00007ff956d2b000 	C:\WINDOWS\System32\bcryptPrimitives.dll
0x00007ff940c70000 - 0x00007ff940c8f000 	C:\Program Files\Java\jdk-21\bin\java.dll

dbghelp: loaded successfully - version: 4.0.5 - missing functions: none
symbol engine: initialized successfully - sym options: 0x614 - pdb path: .;C:\Program Files\Java\jdk-21\bin;C:\WINDOWS\SYSTEM32;C:\WINDOWS\WinSxS\amd64_microsoft.windows.common-controls_6595b64144ccf1df_6.0.22621.3672_none_2713b9d173822955;C:\Program Files\Java\jdk-21\bin\server

VM Arguments:
jvm_args: -Dfile.encoding=UTF-8 -Dstdout.encoding=UTF-8 -Dstderr.encoding=UTF-8 -XX:+ShowCodeDetailsInExceptionMessages 
java_command: bank.management.system.Login
java_class_path (initial): C:\Users\salon\eclipse-workspace\BankManagementSystem\bin;C:\Users\salon\Downloads\jcalendar-tz-1.3.3-4.jar;C:\Users\salon\Downloads\mysql-connector-j-8.0.33\mysql-connector-j-8.0.33\mysql-connector-j-8.0.33.jar
Launcher Type: SUN_STANDARD

[Global flags]
     intx CICompilerCount                          = 4                                         {product} {ergonomic}
     uint ConcGCThreads                            = 2                                         {product} {ergonomic}
     uint G1ConcRefinementThreads                  = 8                                         {product} {ergonomic}
   size_t G1HeapRegionSize                         = 2097152                                   {product} {ergonomic}
    uintx GCDrainStackTargetSize                   = 64                                        {product} {ergonomic}
   size_t InitialHeapSize                          = 264241152                                 {product} {ergonomic}
   size_t MarkStackSize                            = 4194304                                   {product} {ergonomic}
   size_t MaxHeapSize                              = 4215275520                                {product} {ergonomic}
   size_t MinHeapDeltaBytes                        = 2097152                                   {product} {ergonomic}
   size_t MinHeapSize                              = 8388608                                   {product} {ergonomic}
    uintx NonNMethodCodeHeapSize                   = 5839372                                {pd product} {ergonomic}
    uintx NonProfiledCodeHeapSize                  = 122909434                              {pd product} {ergonomic}
    uintx ProfiledCodeHeapSize                     = 122909434                              {pd product} {ergonomic}
    uintx ReservedCodeCacheSize                    = 251658240                              {pd product} {ergonomic}
     bool SegmentedCodeCache                       = true                                      {product} {ergonomic}
     bool ShowCodeDetailsInExceptionMessages       = true                                   {manageable} {command line}
   size_t SoftMaxHeapSize                          = 4215275520                             {manageable} {ergonomic}
     bool UseCompressedOops                        = true                           {product lp64_product} {ergonomic}
     bool UseG1GC                                  = true                                      {product} {ergonomic}
     bool UseLargePagesIndividualAllocation        = false                                  {pd product} {ergonomic}

Logging:
Log output configuration:
 #0: stdout all=warning uptime,level,tags foldmultilines=false
 #1: stderr all=off uptime,level,tags foldmultilines=false

Environment Variables:
PATH=C:\Program Files\Common Files\Oracle\Java\javapath;C:\WINDOWS\system32;C:\WINDOWS;C:\WINDOWS\System32\Wbem;C:\WINDOWS\System32\WindowsPowerShell\v1.0\;C:\WINDOWS\System32\OpenSSH\;C:\MinGW\bin;C:\Users\salon\Downloads\flutter_windows_3.7.8-stable\flutter\bin;C:\Program Files (x86)\Windows Kits\10\Windows Performance Toolkit\;C:\Program Files\Git\cmd;C:\Users\salon\Downloads\flutter_windows_3.22.0-stable\flutter\bin;C:\Program Files\MySQL\MySQL Shell 8.0\bin\;C:\Users\salon\AppData\Local\Programs\Python\Python311\Scripts\;C:\Users\salon\AppData\Local\Programs\Python\Python311\;C:\Users\salon\AppData\Local\Microsoft\WindowsApps;C:\Users\salon\AppData\Local\Programs\Microsoft VS Code\bin;C:\Program Files\JetBrains\IntelliJ IDEA Community Edition 2023.2.2\bin;;C:\Users\salon\Downloads\jdk-21_windows-x64_bin (1)\jdk-21.0.1\bin;C:\Program Files\MySQL\MySQL Shell 8.0\bin;C:\Program Files\JetBrains\IntelliJ IDEA 2023.3.2\bin;;C:\Users\salon\Downloads\flutter_windows_3.19.2-stable.zip\flutter\bin;C:\Users\salon\Downloads\flutter_windows_3.22.0-stable\flutter\bin;
USERNAME=salon
OS=Windows_NT
PROCESSOR_IDENTIFIER=Intel64 Family 6 Model 140 Stepping 1, GenuineIntel
TMP=C:\Users\salon\AppData\Local\Temp
TEMP=C:\Users\salon\AppData\Local\Temp




Periodic native trim disabled

---------------  S Y S T E M  ---------------

OS:
 Windows 11 , 64 bit Build 22621 (10.0.22621.3672)
OS uptime: 8 days 9:50 hours

CPU: total 8 (initial active 8) (4 cores per cpu, 2 threads per core) family 6 model 140 stepping 1 microcode 0xa4, cx8, cmov, fxsr, ht, mmx, 3dnowpref, sse, sse2, sse3, ssse3, sse4.1, sse4.2, popcnt, lzcnt, tsc, tscinvbit, avx, avx2, aes, erms, clmul, bmi1, bmi2, adx, avx512f, avx512dq, avx512cd, avx512bw, avx512vl, sha, fma, vzeroupper, avx512_vpopcntdq, avx512_vpclmulqdq, avx512_vaes, avx512_vnni, clflush, clflushopt, clwb, avx512_vbmi2, avx512_vbmi, rdtscp, rdpid, fsrm, gfni, avx512_bitalg, f16c, pku, cet_ibt, cet_ss, avx512_ifma
Processor Information for all 8 processors :
  Max Mhz: 2803, Current Mhz: 2803, Mhz Limit: 2803

Memory: 4k page, system-wide physical 16078M (490M free)
TotalPageFile size 65165M (AvailPageFile size 126M)
current process WorkingSet (physical memory assigned to process): 11M, peak: 11M
current process commit charge ("private bytes"): 60M, peak: 312M

vm_info: Java HotSpot(TM) 64-Bit Server VM (21.0.1+12-LTS-29) for windows-amd64 JRE (21.0.1+12-LTS-29), built on 2023-10-05T13:27:09Z by "mach5one" with MS VC++ 17.1 (VS2022)

END.
